<?xml version="1.0" encoding="UTF-8"?>
<testng-results ignored="0" total="1" passed="1" failed="0" skipped="0">
  <reporter-output>
  </reporter-output>
  <suite started-at="2023-01-16T08:17:00 CST" name="Default suite" finished-at="2023-01-16T08:17:18 CST" duration-ms="17872">
    <groups>
    </groups>
    <test started-at="2023-01-16T08:17:00 CST" name="Default test" finished-at="2023-01-16T08:17:18 CST" duration-ms="17872">
      <class name="Test.HomeTest">
        <test-method is-config="true" signature="Beforesuite()[pri:0, instance:Test.HomeTest@30c15d8b]" started-at="2023-01-16T08:16:55 CST" name="Beforesuite" finished-at="2023-01-16T08:17:00 CST" duration-ms="4768" status="PASS">
          <reporter-output>
          </reporter-output>
        </test-method> <!-- Beforesuite -->
        <test-method is-config="true" signature="beforetest()[pri:0, instance:Test.HomeTest@30c15d8b]" started-at="2023-01-16T08:17:00 CST" name="beforetest" finished-at="2023-01-16T08:17:00 CST" duration-ms="2" status="PASS">
          <reporter-output>
          </reporter-output>
        </test-method> <!-- beforetest -->
        <test-method is-config="true" signature="init()[pri:0, instance:Test.HomeTest@30c15d8b]" started-at="2023-01-16T08:17:00 CST" name="init" finished-at="2023-01-16T08:17:00 CST" duration-ms="23" status="PASS">
          <reporter-output>
          </reporter-output>
        </test-method> <!-- init -->
        <test-method signature="run()[pri:0, instance:Test.HomeTest@30c15d8b]" started-at="2023-01-16T08:17:00 CST" name="run" finished-at="2023-01-16T08:17:17 CST" duration-ms="17112" status="PASS">
          <reporter-output>
          </reporter-output>
        </test-method> <!-- run -->
        <test-method is-config="true" signature="getScreenshot(org.testng.ITestResult)[pri:0, instance:Test.HomeTest@30c15d8b]" started-at="2023-01-16T08:17:17 CST" name="getScreenshot" finished-at="2023-01-16T08:17:17 CST" duration-ms="390" status="PASS">
          <params>
            <param index="0">
              <value>
                <![CDATA[[TestResult name=run status=SUCCESS method=HomeTest.run()[pri:0, instance:Test.HomeTest@30c15d8b] output={null}]]]>
              </value>
            </param>
          </params>
          <reporter-output>
          </reporter-output>
        </test-method> <!-- getScreenshot -->
        <test-method is-config="true" signature="generateReport()[pri:0, instance:Test.HomeTest@30c15d8b]" started-at="2023-01-16T08:17:17 CST" name="generateReport" finished-at="2023-01-16T08:17:18 CST" duration-ms="298" status="PASS">
          <reporter-output>
          </reporter-output>
        </test-method> <!-- generateReport -->
      </class> <!-- Test.HomeTest -->
    </test> <!-- Default test -->
  </suite> <!-- Default suite -->
</testng-results>
